iterations
0        cg  bcgs gmres_0 gmres_30 gmres_200
label                                       
8        10    10      10       10        10
32       58    44     119      119        58
128     218   169    1341     1341       216
256     427   313    4501     4501       753
512     838   602   10000    10000      2489
1024   1637  1310   10000    10000      8888

time
0          cg    bcgs  gmres_0  gmres_30  gmres_200
label                                              
8       0.526   0.236    0.249     0.233      0.233
32      0.232   0.233    0.234     0.237      0.235
128     0.252   0.259    0.473     0.479      0.426
256     0.366   0.420    3.900     3.849      3.634
512     1.533   2.154   41.506    41.450     47.668
1024   12.868  19.491  179.370   178.340    709.005

error
0                cg         bcgs      gmres_0     gmres_30    gmres_200
label                                                                  
8.0     1.19575e-15  1.04738e-15  8.19236e-15  8.19236e-15  8.19236e-15
32.0    6.04802e-07  3.36494e-06  7.85785e-06  7.85785e-06  1.05063e-06
128.0    8.1102e-06  0.000980007   0.00184755   0.00184755  3.78025e-05
256.0   3.43635e-05   0.00664359    0.0105512    0.0105512   0.00336469
512.0   0.000138048    0.0456163      1.52766      1.52766    0.0569681
1024.0  0.000619998    0.0554986      204.188      204.188     0.335223

