time mpiexec -n 2 ./ex15 -ksp_type cg -n 8 -m 8 -pc_type none
Norm of error 1.19575e-15 iterations 10

real	0m0.526s
user	0m0.100s
sys	0m0.192s

time mpiexec -n 2 ./ex15 -ksp_type cg -n 32 -m 32 -pc_type none
Norm of error 6.04802e-07 iterations 58

real	0m0.232s
user	0m0.084s
sys	0m0.174s

time mpiexec -n 2 ./ex15 -ksp_type cg -n 128 -m 128 -pc_type none
Norm of error 8.1102e-06 iterations 218

real	0m0.252s
user	0m0.113s
sys	0m0.179s

time mpiexec -n 2 ./ex15 -ksp_type cg -n 256 -m 256 -pc_type none
Norm of error 3.43635e-05 iterations 427

real	0m0.366s
user	0m0.340s
sys	0m0.181s

time mpiexec -n 2 ./ex15 -ksp_type cg -n 512 -m 512 -pc_type none
Norm of error 0.000138048 iterations 838

real	0m1.533s
user	0m2.648s
sys	0m0.197s

time mpiexec -n 2 ./ex15 -ksp_type cg -n 1024 -m 1024 -pc_type none
Norm of error 0.000619998 iterations 1637

real	0m12.868s
user	0m25.129s
sys	0m0.335s

time mpiexec -n 2 ./ex15 -ksp_type bcgs -n 8 -m 8 -pc_type none
Norm of error 1.04738e-15 iterations 10

real	0m0.236s
user	0m0.086s
sys	0m0.172s

time mpiexec -n 2 ./ex15 -ksp_type bcgs -n 32 -m 32 -pc_type none
Norm of error 3.36494e-06 iterations 44

real	0m0.233s
user	0m0.099s
sys	0m0.159s

time mpiexec -n 2 ./ex15 -ksp_type bcgs -n 128 -m 128 -pc_type none
Norm of error 0.000980007 iterations 169

real	0m0.259s
user	0m0.140s
sys	0m0.169s

time mpiexec -n 2 ./ex15 -ksp_type bcgs -n 256 -m 256 -pc_type none
Norm of error 0.00664359 iterations 313

real	0m0.420s
user	0m0.459s
sys	0m0.172s

time mpiexec -n 2 ./ex15 -ksp_type bcgs -n 512 -m 512 -pc_type none
Norm of error 0.0456163 iterations 602

real	0m2.154s
user	0m3.900s
sys	0m0.189s

time mpiexec -n 2 ./ex15 -ksp_type bcgs -n 1024 -m 1024 -pc_type none
Norm of error 0.0554986 iterations 1310

real	0m19.491s
user	0m38.254s
sys	0m0.420s

time mpiexec -n 2 ./ex15 -ksp_type gmres -n 8 -m 8 -pc_type none -ksp_gmres_restart
Norm of error 8.19236e-15 iterations 10

real	0m0.249s
user	0m0.095s
sys	0m0.167s

time mpiexec -n 2 ./ex15 -ksp_type gmres -n 8 -m 8 -pc_type none -ksp_gmres_restart 30
Norm of error 8.19236e-15 iterations 10

real	0m0.233s
user	0m0.087s
sys	0m0.174s

time mpiexec -n 2 ./ex15 -ksp_type gmres -n 8 -m 8 -pc_type none -ksp_gmres_restart 200
Norm of error 8.19236e-15 iterations 10

real	0m0.233s
user	0m0.093s
sys	0m0.166s

time mpiexec -n 2 ./ex15 -ksp_type gmres -n 32 -m 32 -pc_type none -ksp_gmres_restart
Norm of error 7.85785e-06 iterations 119

real	0m0.234s
user	0m0.093s
sys	0m0.167s

time mpiexec -n 2 ./ex15 -ksp_type gmres -n 32 -m 32 -pc_type none -ksp_gmres_restart 30
Norm of error 7.85785e-06 iterations 119

real	0m0.237s
user	0m0.097s
sys	0m0.169s

time mpiexec -n 2 ./ex15 -ksp_type gmres -n 32 -m 32 -pc_type none -ksp_gmres_restart 200
Norm of error 1.05063e-06 iterations 58

real	0m0.235s
user	0m0.098s
sys	0m0.164s

time mpiexec -n 2 ./ex15 -ksp_type gmres -n 128 -m 128 -pc_type none -ksp_gmres_restart
Norm of error 0.00184755 iterations 1341

real	0m0.473s
user	0m0.570s
sys	0m0.166s

time mpiexec -n 2 ./ex15 -ksp_type gmres -n 128 -m 128 -pc_type none -ksp_gmres_restart 30
Norm of error 0.00184755 iterations 1341

real	0m0.479s
user	0m0.568s
sys	0m0.172s

time mpiexec -n 2 ./ex15 -ksp_type gmres -n 128 -m 128 -pc_type none -ksp_gmres_restart 200
Norm of error 3.78025e-05 iterations 216

real	0m0.426s
user	0m0.455s
sys	0m0.175s

time mpiexec -n 2 ./ex15 -ksp_type gmres -n 256 -m 256 -pc_type none -ksp_gmres_restart
Norm of error 0.0105512 iterations 4501

real	0m3.900s
user	0m7.376s
sys	0m0.196s

time mpiexec -n 2 ./ex15 -ksp_type gmres -n 256 -m 256 -pc_type none -ksp_gmres_restart 30
Norm of error 0.0105512 iterations 4501

real	0m3.849s
user	0m7.267s
sys	0m0.201s

time mpiexec -n 2 ./ex15 -ksp_type gmres -n 256 -m 256 -pc_type none -ksp_gmres_restart 200
Norm of error 0.00336469 iterations 753

real	0m3.634s
user	0m6.777s
sys	0m0.264s

time mpiexec -n 2 ./ex15 -ksp_type gmres -n 512 -m 512 -pc_type none -ksp_gmres_restart
Norm of error 1.52766 iterations 10000

real	0m41.506s
user	1m22.181s
sys	0m0.422s

time mpiexec -n 2 ./ex15 -ksp_type gmres -n 512 -m 512 -pc_type none -ksp_gmres_restart 30
Norm of error 1.52766 iterations 10000

real	0m41.450s
user	1m22.067s
sys	0m0.425s

time mpiexec -n 2 ./ex15 -ksp_type gmres -n 512 -m 512 -pc_type none -ksp_gmres_restart 200
Norm of error 0.0569681 iterations 2489

real	0m47.668s
user	1m34.014s
sys	0m0.869s

time mpiexec -n 2 ./ex15 -ksp_type gmres -n 1024 -m 1024 -pc_type none -ksp_gmres_restart
Norm of error 204.188 iterations 10000

real	2m59.370s
user	5m56.163s
sys	0m1.510s

time mpiexec -n 2 ./ex15 -ksp_type gmres -n 1024 -m 1024 -pc_type none -ksp_gmres_restart 30
Norm of error 204.188 iterations 10000

real	2m58.340s
user	5m54.099s
sys	0m1.512s

time mpiexec -n 2 ./ex15 -ksp_type gmres -n 1024 -m 1024 -pc_type none -ksp_gmres_restart 200
Norm of error 0.335223 iterations 8888

real	11m49.005s
user	23m27.879s
sys	0m6.529s

